{"C:\\Dev\\js\\meteion\\src\\Application\\repositories\\baseRepository.js": {"path":"C:\\Dev\\js\\meteion\\src\\Application\\repositories\\baseRepository.js","statementMap":{"0":{"start":{"line":10,"column":2},"end":{"line":10,"column":21}},"1":{"start":{"line":19,"column":2},"end":{"line":19,"column":33}},"2":{"start":{"line":28,"column":2},"end":{"line":28,"column":33}},"3":{"start":{"line":37,"column":2},"end":{"line":37,"column":39}},"4":{"start":{"line":47,"column":2},"end":{"line":47,"column":54}},"5":{"start":{"line":56,"column":2},"end":{"line":56,"column":40}},"6":{"start":{"line":66,"column":19},"end":{"line":66,"column":48}},"7":{"start":{"line":67,"column":2},"end":{"line":67,"column":29}},"8":{"start":{"line":67,"column":17},"end":{"line":67,"column":29}},"9":{"start":{"line":68,"column":2},"end":{"line":68,"column":31}},"10":{"start":{"line":78,"column":19},"end":{"line":78,"column":54}},"11":{"start":{"line":79,"column":2},"end":{"line":84,"column":3}},"12":{"start":{"line":80,"column":3},"end":{"line":80,"column":32}},"13":{"start":{"line":83,"column":3},"end":{"line":83,"column":51}},"14":{"start":{"line":93,"column":19},"end":{"line":93,"column":48}},"15":{"start":{"line":94,"column":2},"end":{"line":94,"column":29}},"16":{"start":{"line":94,"column":17},"end":{"line":94,"column":29}},"17":{"start":{"line":95,"column":2},"end":{"line":95,"column":28}},"18":{"start":{"line":99,"column":0},"end":{"line":99,"column":32}}},"fnMap":{"0":{"name":"(anonymous_0)","decl":{"start":{"line":9,"column":1},"end":{"line":9,"column":2}},"loc":{"start":{"line":9,"column":20},"end":{"line":11,"column":2}},"line":9},"1":{"name":"(anonymous_1)","decl":{"start":{"line":18,"column":1},"end":{"line":18,"column":2}},"loc":{"start":{"line":18,"column":20},"end":{"line":20,"column":2}},"line":18},"2":{"name":"(anonymous_2)","decl":{"start":{"line":27,"column":1},"end":{"line":27,"column":2}},"loc":{"start":{"line":27,"column":20},"end":{"line":29,"column":2}},"line":27},"3":{"name":"(anonymous_3)","decl":{"start":{"line":36,"column":1},"end":{"line":36,"column":2}},"loc":{"start":{"line":36,"column":27},"end":{"line":38,"column":2}},"line":36},"4":{"name":"(anonymous_4)","decl":{"start":{"line":46,"column":1},"end":{"line":46,"column":2}},"loc":{"start":{"line":46,"column":47},"end":{"line":48,"column":2}},"line":46},"5":{"name":"(anonymous_5)","decl":{"start":{"line":55,"column":1},"end":{"line":55,"column":2}},"loc":{"start":{"line":55,"column":27},"end":{"line":57,"column":2}},"line":55},"6":{"name":"(anonymous_6)","decl":{"start":{"line":65,"column":1},"end":{"line":65,"column":2}},"loc":{"start":{"line":65,"column":24},"end":{"line":69,"column":2}},"line":65},"7":{"name":"(anonymous_7)","decl":{"start":{"line":77,"column":1},"end":{"line":77,"column":2}},"loc":{"start":{"line":77,"column":35},"end":{"line":85,"column":2}},"line":77},"8":{"name":"(anonymous_8)","decl":{"start":{"line":92,"column":1},"end":{"line":92,"column":2}},"loc":{"start":{"line":92,"column":18},"end":{"line":96,"column":2}},"line":92}},"branchMap":{"0":{"loc":{"start":{"line":36,"column":15},"end":{"line":36,"column":25}},"type":"default-arg","locations":[{"start":{"line":36,"column":23},"end":{"line":36,"column":25}}],"line":36},"1":{"loc":{"start":{"line":46,"column":20},"end":{"line":46,"column":30}},"type":"default-arg","locations":[{"start":{"line":46,"column":28},"end":{"line":46,"column":30}}],"line":46},"2":{"loc":{"start":{"line":46,"column":32},"end":{"line":46,"column":45}},"type":"default-arg","locations":[{"start":{"line":46,"column":43},"end":{"line":46,"column":45}}],"line":46},"3":{"loc":{"start":{"line":67,"column":2},"end":{"line":67,"column":29}},"type":"if","locations":[{"start":{"line":67,"column":2},"end":{"line":67,"column":29}},{"start":{},"end":{}}],"line":67},"4":{"loc":{"start":{"line":79,"column":2},"end":{"line":84,"column":3}},"type":"if","locations":[{"start":{"line":79,"column":2},"end":{"line":84,"column":3}},{"start":{"line":82,"column":7},"end":{"line":84,"column":3}}],"line":79},"5":{"loc":{"start":{"line":94,"column":2},"end":{"line":94,"column":29}},"type":"if","locations":[{"start":{"line":94,"column":2},"end":{"line":94,"column":29}},{"start":{},"end":{}}],"line":94}},"s":{"0":4,"1":1,"2":2,"3":1,"4":0,"5":0,"6":0,"7":0,"8":0,"9":0,"10":0,"11":0,"12":0,"13":0,"14":0,"15":0,"16":0,"17":0,"18":1},"f":{"0":4,"1":1,"2":2,"3":1,"4":0,"5":0,"6":0,"7":0,"8":0},"b":{"0":[0],"1":[0],"2":[0],"3":[0,0],"4":[0,0],"5":[0,0]},"_coverageSchema":"1a1c01bbd47fc00a2c39e90264f33305004495a9","hash":"bd7ed225d2310ad9fc04f7af3d2ee11be9711448"}
,"C:\\Dev\\js\\meteion\\src\\Application\\services\\DateTimeService.js": {"path":"C:\\Dev\\js\\meteion\\src\\Application\\services\\DateTimeService.js","statementMap":{"0":{"start":{"line":7,"column":22},"end":{"line":7,"column":32}},"1":{"start":{"line":8,"column":14},"end":{"line":8,"column":60}},"2":{"start":{"line":9,"column":16},"end":{"line":9,"column":67}},"3":{"start":{"line":10,"column":15},"end":{"line":10,"column":40}},"4":{"start":{"line":11,"column":2},"end":{"line":11,"column":35}},"5":{"start":{"line":19,"column":22},"end":{"line":19,"column":32}},"6":{"start":{"line":20,"column":16},"end":{"line":20,"column":42}},"7":{"start":{"line":21,"column":2},"end":{"line":21,"column":48}},"8":{"start":{"line":31,"column":22},"end":{"line":31,"column":56}},"9":{"start":{"line":32,"column":22},"end":{"line":32,"column":48}},"10":{"start":{"line":33,"column":2},"end":{"line":33,"column":36}},"11":{"start":{"line":42,"column":29},"end":{"line":42,"column":44}},"12":{"start":{"line":43,"column":2},"end":{"line":43,"column":35}},"13":{"start":{"line":52,"column":2},"end":{"line":52,"column":32}},"14":{"start":{"line":56,"column":0},"end":{"line":56,"column":33}}},"fnMap":{"0":{"name":"(anonymous_0)","decl":{"start":{"line":6,"column":1},"end":{"line":6,"column":2}},"loc":{"start":{"line":6,"column":18},"end":{"line":12,"column":2}},"line":6},"1":{"name":"(anonymous_1)","decl":{"start":{"line":18,"column":1},"end":{"line":18,"column":2}},"loc":{"start":{"line":18,"column":18},"end":{"line":22,"column":2}},"line":18},"2":{"name":"(anonymous_2)","decl":{"start":{"line":30,"column":1},"end":{"line":30,"column":2}},"loc":{"start":{"line":30,"column":29},"end":{"line":34,"column":2}},"line":30},"3":{"name":"(anonymous_3)","decl":{"start":{"line":41,"column":1},"end":{"line":41,"column":2}},"loc":{"start":{"line":41,"column":23},"end":{"line":44,"column":2}},"line":41},"4":{"name":"(anonymous_4)","decl":{"start":{"line":51,"column":1},"end":{"line":51,"column":2}},"loc":{"start":{"line":51,"column":23},"end":{"line":53,"column":2}},"line":51}},"branchMap":{"0":{"loc":{"start":{"line":33,"column":9},"end":{"line":33,"column":35}},"type":"binary-expr","locations":[{"start":{"line":33,"column":9},"end":{"line":33,"column":20}},{"start":{"line":33,"column":24},"end":{"line":33,"column":35}}],"line":33}},"s":{"0":0,"1":0,"2":0,"3":0,"4":0,"5":0,"6":0,"7":0,"8":2,"9":2,"10":2,"11":1,"12":1,"13":1,"14":1},"f":{"0":0,"1":0,"2":2,"3":1,"4":1},"b":{"0":[2,1]},"_coverageSchema":"1a1c01bbd47fc00a2c39e90264f33305004495a9","hash":"b429e91bc06b82b0702d7b5f71868aa06ef49c16"}
,"C:\\Dev\\js\\meteion\\src\\Application\\services\\EventService.js": {"path":"C:\\Dev\\js\\meteion\\src\\Application\\services\\EventService.js","statementMap":{"0":{"start":{"line":3,"column":2},"end":{"line":3,"column":41}},"1":{"start":{"line":4,"column":2},"end":{"line":4,"column":41}},"2":{"start":{"line":8,"column":42},"end":{"line":8,"column":53}},"3":{"start":{"line":9,"column":19},"end":{"line":9,"column":53}},"4":{"start":{"line":11,"column":2},"end":{"line":13,"column":3}},"5":{"start":{"line":12,"column":3},"end":{"line":12,"column":42}},"6":{"start":{"line":15,"column":20},"end":{"line":15,"column":126}},"7":{"start":{"line":16,"column":2},"end":{"line":18,"column":3}},"8":{"start":{"line":17,"column":3},"end":{"line":17,"column":41}},"9":{"start":{"line":20,"column":14},"end":{"line":20,"column":24}},"10":{"start":{"line":21,"column":2},"end":{"line":23,"column":3}},"11":{"start":{"line":22,"column":3},"end":{"line":22,"column":35}},"12":{"start":{"line":25,"column":25},"end":{"line":25,"column":63}},"13":{"start":{"line":27,"column":40},"end":{"line":27,"column":114}},"14":{"start":{"line":28,"column":29},"end":{"line":28,"column":48}},"15":{"start":{"line":29,"column":27},"end":{"line":29,"column":77}},"16":{"start":{"line":31,"column":23},"end":{"line":39,"column":4}},"17":{"start":{"line":41,"column":2},"end":{"line":52,"column":4}},"18":{"start":{"line":56,"column":52},"end":{"line":56,"column":60}},"19":{"start":{"line":58,"column":2},"end":{"line":72,"column":5}},"20":{"start":{"line":77,"column":2},"end":{"line":79,"column":3}},"21":{"start":{"line":78,"column":3},"end":{"line":78,"column":42}},"22":{"start":{"line":81,"column":20},"end":{"line":81,"column":126}},"23":{"start":{"line":82,"column":2},"end":{"line":84,"column":3}},"24":{"start":{"line":83,"column":3},"end":{"line":83,"column":41}},"25":{"start":{"line":86,"column":14},"end":{"line":86,"column":24}},"26":{"start":{"line":87,"column":2},"end":{"line":89,"column":3}},"27":{"start":{"line":88,"column":3},"end":{"line":88,"column":35}},"28":{"start":{"line":91,"column":25},"end":{"line":91,"column":63}},"29":{"start":{"line":94,"column":24},"end":{"line":94,"column":41}},"30":{"start":{"line":95,"column":16},"end":{"line":97,"column":31}},"31":{"start":{"line":99,"column":25},"end":{"line":99,"column":83}},"32":{"start":{"line":99,"column":58},"end":{"line":99,"column":82}},"33":{"start":{"line":100,"column":2},"end":{"line":102,"column":3}},"34":{"start":{"line":101,"column":3},"end":{"line":101,"column":98}},"35":{"start":{"line":104,"column":26},"end":{"line":104,"column":100}},"36":{"start":{"line":104,"column":59},"end":{"line":104,"column":99}},"37":{"start":{"line":105,"column":2},"end":{"line":107,"column":3}},"38":{"start":{"line":106,"column":3},"end":{"line":106,"column":59}},"39":{"start":{"line":109,"column":2},"end":{"line":109,"column":42}},"40":{"start":{"line":112,"column":2},"end":{"line":119,"column":5}},"41":{"start":{"line":122,"column":22},"end":{"line":122,"column":69}},"42":{"start":{"line":123,"column":2},"end":{"line":145,"column":3}},"43":{"start":{"line":124,"column":26},"end":{"line":124,"column":107}},"44":{"start":{"line":124,"column":102},"end":{"line":124,"column":106}},"45":{"start":{"line":125,"column":3},"end":{"line":144,"column":4}},"46":{"start":{"line":126,"column":20},"end":{"line":130,"column":5}},"47":{"start":{"line":133,"column":4},"end":{"line":139,"column":5}},"48":{"start":{"line":134,"column":5},"end":{"line":134,"column":66}},"49":{"start":{"line":135,"column":5},"end":{"line":135,"column":83}},"50":{"start":{"line":138,"column":5},"end":{"line":138,"column":106}},"51":{"start":{"line":141,"column":4},"end":{"line":143,"column":6}},"52":{"start":{"line":142,"column":5},"end":{"line":142,"column":55}},"53":{"start":{"line":149,"column":23},"end":{"line":149,"column":67}},"54":{"start":{"line":150,"column":2},"end":{"line":150,"column":56}},"55":{"start":{"line":150,"column":21},"end":{"line":150,"column":56}},"56":{"start":{"line":152,"column":23},"end":{"line":152,"column":105}},"57":{"start":{"line":152,"column":100},"end":{"line":152,"column":104}},"58":{"start":{"line":153,"column":2},"end":{"line":155,"column":3}},"59":{"start":{"line":154,"column":3},"end":{"line":154,"column":49}},"60":{"start":{"line":154,"column":43},"end":{"line":154,"column":47}},"61":{"start":{"line":157,"column":2},"end":{"line":157,"column":76}},"62":{"start":{"line":159,"column":2},"end":{"line":159,"column":22}},"63":{"start":{"line":163,"column":0},"end":{"line":163,"column":30}}},"fnMap":{"0":{"name":"(anonymous_0)","decl":{"start":{"line":2,"column":1},"end":{"line":2,"column":2}},"loc":{"start":{"line":2,"column":47},"end":{"line":5,"column":2}},"line":2},"1":{"name":"(anonymous_1)","decl":{"start":{"line":7,"column":1},"end":{"line":7,"column":2}},"loc":{"start":{"line":7,"column":75},"end":{"line":53,"column":2}},"line":7},"2":{"name":"(anonymous_2)","decl":{"start":{"line":55,"column":1},"end":{"line":55,"column":2}},"loc":{"start":{"line":55,"column":86},"end":{"line":73,"column":2}},"line":55},"3":{"name":"(anonymous_3)","decl":{"start":{"line":76,"column":1},"end":{"line":76,"column":2}},"loc":{"start":{"line":76,"column":86},"end":{"line":146,"column":2}},"line":76},"4":{"name":"(anonymous_4)","decl":{"start":{"line":99,"column":53},"end":{"line":99,"column":54}},"loc":{"start":{"line":99,"column":58},"end":{"line":99,"column":82}},"line":99},"5":{"name":"(anonymous_5)","decl":{"start":{"line":104,"column":54},"end":{"line":104,"column":55}},"loc":{"start":{"line":104,"column":59},"end":{"line":104,"column":99}},"line":104},"6":{"name":"(anonymous_6)","decl":{"start":{"line":124,"column":96},"end":{"line":124,"column":97}},"loc":{"start":{"line":124,"column":102},"end":{"line":124,"column":106}},"line":124},"7":{"name":"(anonymous_7)","decl":{"start":{"line":141,"column":45},"end":{"line":141,"column":46}},"loc":{"start":{"line":142,"column":5},"end":{"line":142,"column":55}},"line":142},"8":{"name":"(anonymous_8)","decl":{"start":{"line":148,"column":1},"end":{"line":148,"column":2}},"loc":{"start":{"line":148,"column":35},"end":{"line":160,"column":2}},"line":148},"9":{"name":"(anonymous_9)","decl":{"start":{"line":152,"column":94},"end":{"line":152,"column":95}},"loc":{"start":{"line":152,"column":100},"end":{"line":152,"column":104}},"line":152},"10":{"name":"(anonymous_10)","decl":{"start":{"line":154,"column":37},"end":{"line":154,"column":38}},"loc":{"start":{"line":154,"column":43},"end":{"line":154,"column":47}},"line":154}},"branchMap":{"0":{"loc":{"start":{"line":9,"column":19},"end":{"line":9,"column":53}},"type":"binary-expr","locations":[{"start":{"line":9,"column":19},"end":{"line":9,"column":34}},{"start":{"line":9,"column":38},"end":{"line":9,"column":53}}],"line":9},"1":{"loc":{"start":{"line":11,"column":2},"end":{"line":13,"column":3}},"type":"if","locations":[{"start":{"line":11,"column":2},"end":{"line":13,"column":3}},{"start":{},"end":{}}],"line":11},"2":{"loc":{"start":{"line":16,"column":2},"end":{"line":18,"column":3}},"type":"if","locations":[{"start":{"line":16,"column":2},"end":{"line":18,"column":3}},{"start":{},"end":{}}],"line":16},"3":{"loc":{"start":{"line":21,"column":2},"end":{"line":23,"column":3}},"type":"if","locations":[{"start":{"line":21,"column":2},"end":{"line":23,"column":3}},{"start":{},"end":{}}],"line":21},"4":{"loc":{"start":{"line":77,"column":2},"end":{"line":79,"column":3}},"type":"if","locations":[{"start":{"line":77,"column":2},"end":{"line":79,"column":3}},{"start":{},"end":{}}],"line":77},"5":{"loc":{"start":{"line":82,"column":2},"end":{"line":84,"column":3}},"type":"if","locations":[{"start":{"line":82,"column":2},"end":{"line":84,"column":3}},{"start":{},"end":{}}],"line":82},"6":{"loc":{"start":{"line":87,"column":2},"end":{"line":89,"column":3}},"type":"if","locations":[{"start":{"line":87,"column":2},"end":{"line":89,"column":3}},{"start":{},"end":{}}],"line":87},"7":{"loc":{"start":{"line":100,"column":2},"end":{"line":102,"column":3}},"type":"if","locations":[{"start":{"line":100,"column":2},"end":{"line":102,"column":3}},{"start":{},"end":{}}],"line":100},"8":{"loc":{"start":{"line":105,"column":2},"end":{"line":107,"column":3}},"type":"if","locations":[{"start":{"line":105,"column":2},"end":{"line":107,"column":3}},{"start":{},"end":{}}],"line":105},"9":{"loc":{"start":{"line":123,"column":2},"end":{"line":145,"column":3}},"type":"if","locations":[{"start":{"line":123,"column":2},"end":{"line":145,"column":3}},{"start":{},"end":{}}],"line":123},"10":{"loc":{"start":{"line":125,"column":3},"end":{"line":144,"column":4}},"type":"if","locations":[{"start":{"line":125,"column":3},"end":{"line":144,"column":4}},{"start":{},"end":{}}],"line":125},"11":{"loc":{"start":{"line":133,"column":4},"end":{"line":139,"column":5}},"type":"if","locations":[{"start":{"line":133,"column":4},"end":{"line":139,"column":5}},{"start":{"line":137,"column":9},"end":{"line":139,"column":5}}],"line":133},"12":{"loc":{"start":{"line":150,"column":2},"end":{"line":150,"column":56}},"type":"if","locations":[{"start":{"line":150,"column":2},"end":{"line":150,"column":56}},{"start":{},"end":{}}],"line":150},"13":{"loc":{"start":{"line":153,"column":2},"end":{"line":155,"column":3}},"type":"if","locations":[{"start":{"line":153,"column":2},"end":{"line":155,"column":3}},{"start":{},"end":{}}],"line":153}},"s":{"0":8,"1":8,"2":0,"3":0,"4":0,"5":0,"6":0,"7":0,"8":0,"9":0,"10":0,"11":0,"12":0,"13":0,"14":0,"15":0,"16":0,"17":0,"18":1,"19":1,"20":2,"21":1,"22":1,"23":1,"24":0,"25":1,"26":1,"27":0,"28":1,"29":1,"30":1,"31":1,"32":1,"33":1,"34":1,"35":1,"36":2,"37":1,"38":1,"39":1,"40":1,"41":1,"42":1,"43":1,"44":0,"45":1,"46":1,"47":1,"48":1,"49":1,"50":0,"51":1,"52":0,"53":2,"54":2,"55":1,"56":1,"57":0,"58":1,"59":1,"60":0,"61":1,"62":1,"63":1},"f":{"0":8,"1":0,"2":1,"3":2,"4":1,"5":2,"6":0,"7":0,"8":2,"9":0,"10":0},"b":{"0":[0,0],"1":[0,0],"2":[0,0],"3":[0,0],"4":[1,1],"5":[0,1],"6":[0,1],"7":[1,0],"8":[1,0],"9":[1,0],"10":[1,0],"11":[1,0],"12":[1,1],"13":[1,0]},"_coverageSchema":"1a1c01bbd47fc00a2c39e90264f33305004495a9","hash":"8af12a8c72d3250a3066d4e3b09ba0d2852216a9"}
,"C:\\Dev\\js\\meteion\\src\\Application\\services\\GuildSettingsService.js": {"path":"C:\\Dev\\js\\meteion\\src\\Application\\services\\GuildSettingsService.js","statementMap":{"0":{"start":{"line":3,"column":2},"end":{"line":3,"column":57}},"1":{"start":{"line":4,"column":2},"end":{"line":4,"column":45}},"2":{"start":{"line":5,"column":2},"end":{"line":5,"column":53}},"3":{"start":{"line":12,"column":27},"end":{"line":12,"column":95}},"4":{"start":{"line":14,"column":2},"end":{"line":25,"column":3}},"5":{"start":{"line":15,"column":23},"end":{"line":15,"column":61}},"6":{"start":{"line":17,"column":3},"end":{"line":23,"column":5}},"7":{"start":{"line":18,"column":32},"end":{"line":22,"column":5}},"8":{"start":{"line":34,"column":2},"end":{"line":36,"column":3}},"9":{"start":{"line":35,"column":3},"end":{"line":35,"column":62}},"10":{"start":{"line":38,"column":19},"end":{"line":38,"column":79}},"11":{"start":{"line":40,"column":2},"end":{"line":42,"column":3}},"12":{"start":{"line":41,"column":3},"end":{"line":41,"column":13}},"13":{"start":{"line":44,"column":2},"end":{"line":47,"column":6}},"14":{"start":{"line":44,"column":72},"end":{"line":47,"column":3}},"15":{"start":{"line":57,"column":2},"end":{"line":62,"column":5}},"16":{"start":{"line":66,"column":0},"end":{"line":66,"column":38}}},"fnMap":{"0":{"name":"(anonymous_0)","decl":{"start":{"line":2,"column":1},"end":{"line":2,"column":2}},"loc":{"start":{"line":2,"column":80},"end":{"line":6,"column":2}},"line":2},"1":{"name":"(anonymous_1)","decl":{"start":{"line":11,"column":1},"end":{"line":11,"column":2}},"loc":{"start":{"line":11,"column":38},"end":{"line":26,"column":2}},"line":11},"2":{"name":"(anonymous_2)","decl":{"start":{"line":18,"column":20},"end":{"line":18,"column":21}},"loc":{"start":{"line":18,"column":32},"end":{"line":22,"column":5}},"line":18},"3":{"name":"(anonymous_3)","decl":{"start":{"line":33,"column":1},"end":{"line":33,"column":2}},"loc":{"start":{"line":33,"column":31},"end":{"line":48,"column":2}},"line":33},"4":{"name":"(anonymous_4)","decl":{"start":{"line":44,"column":22},"end":{"line":44,"column":23}},"loc":{"start":{"line":44,"column":72},"end":{"line":47,"column":3}},"line":44},"5":{"name":"(anonymous_5)","decl":{"start":{"line":56,"column":1},"end":{"line":56,"column":2}},"loc":{"start":{"line":56,"column":54},"end":{"line":63,"column":2}},"line":56}},"branchMap":{"0":{"loc":{"start":{"line":14,"column":2},"end":{"line":25,"column":3}},"type":"if","locations":[{"start":{"line":14,"column":2},"end":{"line":25,"column":3}},{"start":{},"end":{}}],"line":14},"1":{"loc":{"start":{"line":34,"column":2},"end":{"line":36,"column":3}},"type":"if","locations":[{"start":{"line":34,"column":2},"end":{"line":36,"column":3}},{"start":{},"end":{}}],"line":34},"2":{"loc":{"start":{"line":40,"column":2},"end":{"line":42,"column":3}},"type":"if","locations":[{"start":{"line":40,"column":2},"end":{"line":42,"column":3}},{"start":{},"end":{}}],"line":40},"3":{"loc":{"start":{"line":46,"column":22},"end":{"line":46,"column":79}},"type":"cond-expr","locations":[{"start":{"line":46,"column":53},"end":{"line":46,"column":63}},{"start":{"line":46,"column":66},"end":{"line":46,"column":79}}],"line":46}},"s":{"0":6,"1":6,"2":6,"3":2,"4":2,"5":1,"6":1,"7":2,"8":3,"9":1,"10":2,"11":2,"12":1,"13":1,"14":2,"15":1,"16":1},"f":{"0":6,"1":2,"2":2,"3":3,"4":2,"5":1},"b":{"0":[1,1],"1":[1,2],"2":[1,1],"3":[1,1]},"_coverageSchema":"1a1c01bbd47fc00a2c39e90264f33305004495a9","hash":"07fb103b4e12e213610f957eb050671748cccb55"}
,"C:\\Dev\\js\\meteion\\src\\Application\\services\\InteractionService.js": {"path":"C:\\Dev\\js\\meteion\\src\\Application\\services\\InteractionService.js","statementMap":{"0":{"start":{"line":3,"column":2},"end":{"line":3,"column":39}},"1":{"start":{"line":4,"column":2},"end":{"line":4,"column":41}},"2":{"start":{"line":5,"column":2},"end":{"line":5,"column":53}},"3":{"start":{"line":18,"column":36},"end":{"line":25,"column":3}},"4":{"start":{"line":27,"column":2},"end":{"line":32,"column":3}},"5":{"start":{"line":28,"column":3},"end":{"line":31,"column":6}},"6":{"start":{"line":35,"column":38},"end":{"line":42,"column":3}},"7":{"start":{"line":44,"column":2},"end":{"line":49,"column":3}},"8":{"start":{"line":45,"column":3},"end":{"line":48,"column":6}},"9":{"start":{"line":52,"column":2},"end":{"line":58,"column":4}},"10":{"start":{"line":62,"column":0},"end":{"line":62,"column":36}}},"fnMap":{"0":{"name":"(anonymous_0)","decl":{"start":{"line":2,"column":1},"end":{"line":2,"column":2}},"loc":{"start":{"line":2,"column":69},"end":{"line":6,"column":2}},"line":2},"1":{"name":"(anonymous_1)","decl":{"start":{"line":16,"column":1},"end":{"line":16,"column":2}},"loc":{"start":{"line":16,"column":55},"end":{"line":59,"column":2}},"line":16}},"branchMap":{"0":{"loc":{"start":{"line":27,"column":2},"end":{"line":32,"column":3}},"type":"if","locations":[{"start":{"line":27,"column":2},"end":{"line":32,"column":3}},{"start":{},"end":{}}],"line":27},"1":{"loc":{"start":{"line":44,"column":2},"end":{"line":49,"column":3}},"type":"if","locations":[{"start":{"line":44,"column":2},"end":{"line":49,"column":3}},{"start":{},"end":{}}],"line":44},"2":{"loc":{"start":{"line":55,"column":19},"end":{"line":55,"column":42}},"type":"binary-expr","locations":[{"start":{"line":55,"column":19},"end":{"line":55,"column":34}},{"start":{"line":55,"column":38},"end":{"line":55,"column":42}}],"line":55}},"s":{"0":3,"1":3,"2":3,"3":3,"4":3,"5":2,"6":3,"7":3,"8":2,"9":3,"10":1},"f":{"0":3,"1":3},"b":{"0":[2,1],"1":[2,1],"2":[3,1]},"_coverageSchema":"1a1c01bbd47fc00a2c39e90264f33305004495a9","hash":"5d6589544049bfc32ec28785e7485c44aaa13630"}
}
