TN:
SF:src\Application\repositories\baseRepository.js
FN:9,(anonymous_0)
FN:18,(anonymous_1)
FN:27,(anonymous_2)
FN:36,(anonymous_3)
FN:46,(anonymous_4)
FN:55,(anonymous_5)
FN:65,(anonymous_6)
FN:77,(anonymous_7)
FN:92,(anonymous_8)
FNF:9
FNH:4
FNDA:4,(anonymous_0)
FNDA:1,(anonymous_1)
FNDA:2,(anonymous_2)
FNDA:1,(anonymous_3)
FNDA:0,(anonymous_4)
FNDA:0,(anonymous_5)
FNDA:0,(anonymous_6)
FNDA:0,(anonymous_7)
FNDA:0,(anonymous_8)
DA:10,4
DA:19,1
DA:28,2
DA:37,1
DA:47,0
DA:56,0
DA:66,0
DA:67,0
DA:68,0
DA:78,0
DA:79,0
DA:80,0
DA:83,0
DA:93,0
DA:94,0
DA:95,0
DA:99,1
LF:17
LH:5
BRDA:36,0,0,0
BRDA:46,1,0,0
BRDA:46,2,0,0
BRDA:67,3,0,0
BRDA:67,3,1,0
BRDA:79,4,0,0
BRDA:79,4,1,0
BRDA:94,5,0,0
BRDA:94,5,1,0
BRF:9
BRH:0
end_of_record
TN:
SF:src\Application\services\DateTimeService.js
FN:6,(anonymous_0)
FN:18,(anonymous_1)
FN:30,(anonymous_2)
FN:41,(anonymous_3)
FN:51,(anonymous_4)
FNF:5
FNH:3
FNDA:0,(anonymous_0)
FNDA:0,(anonymous_1)
FNDA:2,(anonymous_2)
FNDA:1,(anonymous_3)
FNDA:1,(anonymous_4)
DA:7,0
DA:8,0
DA:9,0
DA:10,0
DA:11,0
DA:19,0
DA:20,0
DA:21,0
DA:31,2
DA:32,2
DA:33,2
DA:42,1
DA:43,1
DA:52,1
DA:56,1
LF:15
LH:7
BRDA:33,0,0,2
BRDA:33,0,1,1
BRF:2
BRH:2
end_of_record
TN:
SF:src\Application\services\EventService.js
FN:2,(anonymous_0)
FN:7,(anonymous_1)
FN:55,(anonymous_2)
FN:76,(anonymous_3)
FN:99,(anonymous_4)
FN:104,(anonymous_5)
FN:124,(anonymous_6)
FN:141,(anonymous_7)
FN:148,(anonymous_8)
FN:152,(anonymous_9)
FN:154,(anonymous_10)
FNF:11
FNH:6
FNDA:8,(anonymous_0)
FNDA:0,(anonymous_1)
FNDA:1,(anonymous_2)
FNDA:2,(anonymous_3)
FNDA:1,(anonymous_4)
FNDA:2,(anonymous_5)
FNDA:0,(anonymous_6)
FNDA:0,(anonymous_7)
FNDA:2,(anonymous_8)
FNDA:0,(anonymous_9)
FNDA:0,(anonymous_10)
DA:3,8
DA:4,8
DA:8,0
DA:9,0
DA:11,0
DA:12,0
DA:15,0
DA:16,0
DA:17,0
DA:20,0
DA:21,0
DA:22,0
DA:25,0
DA:27,0
DA:28,0
DA:29,0
DA:31,0
DA:41,0
DA:56,1
DA:58,1
DA:77,2
DA:78,1
DA:81,1
DA:82,1
DA:83,0
DA:86,1
DA:87,1
DA:88,0
DA:91,1
DA:94,1
DA:95,1
DA:99,1
DA:100,1
DA:101,1
DA:104,2
DA:105,1
DA:106,1
DA:109,1
DA:112,1
DA:122,1
DA:123,1
DA:124,1
DA:125,1
DA:126,1
DA:133,1
DA:134,1
DA:135,1
DA:138,0
DA:141,1
DA:142,0
DA:149,2
DA:150,2
DA:152,1
DA:153,1
DA:154,1
DA:157,1
DA:159,1
DA:163,1
LF:58
LH:38
BRDA:9,0,0,0
BRDA:9,0,1,0
BRDA:11,1,0,0
BRDA:11,1,1,0
BRDA:16,2,0,0
BRDA:16,2,1,0
BRDA:21,3,0,0
BRDA:21,3,1,0
BRDA:77,4,0,1
BRDA:77,4,1,1
BRDA:82,5,0,0
BRDA:82,5,1,1
BRDA:87,6,0,0
BRDA:87,6,1,1
BRDA:100,7,0,1
BRDA:100,7,1,0
BRDA:105,8,0,1
BRDA:105,8,1,0
BRDA:123,9,0,1
BRDA:123,9,1,0
BRDA:125,10,0,1
BRDA:125,10,1,0
BRDA:133,11,0,1
BRDA:133,11,1,0
BRDA:150,12,0,1
BRDA:150,12,1,1
BRDA:153,13,0,1
BRDA:153,13,1,0
BRF:28
BRH:12
end_of_record
TN:
SF:src\Application\services\GuildSettingsService.js
FN:2,(anonymous_0)
FN:11,(anonymous_1)
FN:18,(anonymous_2)
FN:33,(anonymous_3)
FN:44,(anonymous_4)
FN:56,(anonymous_5)
FNF:6
FNH:6
FNDA:6,(anonymous_0)
FNDA:2,(anonymous_1)
FNDA:2,(anonymous_2)
FNDA:3,(anonymous_3)
FNDA:2,(anonymous_4)
FNDA:1,(anonymous_5)
DA:3,6
DA:4,6
DA:5,6
DA:12,2
DA:14,2
DA:15,1
DA:17,1
DA:18,2
DA:34,3
DA:35,1
DA:38,2
DA:40,2
DA:41,1
DA:44,2
DA:57,1
DA:66,1
LF:16
LH:16
BRDA:14,0,0,1
BRDA:14,0,1,1
BRDA:34,1,0,1
BRDA:34,1,1,2
BRDA:40,2,0,1
BRDA:40,2,1,1
BRDA:46,3,0,1
BRDA:46,3,1,1
BRF:8
BRH:8
end_of_record
TN:
SF:src\Application\services\InteractionService.js
FN:2,(anonymous_0)
FN:16,(anonymous_1)
FNF:2
FNH:2
FNDA:3,(anonymous_0)
FNDA:3,(anonymous_1)
DA:3,3
DA:4,3
DA:5,3
DA:18,3
DA:27,3
DA:28,2
DA:35,3
DA:44,3
DA:45,2
DA:52,3
DA:62,1
LF:11
LH:11
BRDA:27,0,0,2
BRDA:27,0,1,1
BRDA:44,1,0,2
BRDA:44,1,1,1
BRDA:55,2,0,3
BRDA:55,2,1,1
BRF:6
BRH:6
end_of_record
